<?xml version="1.0" encoding="UTF-8"?>
<testsuites name="Amazon_Test_Suite_InternalData" time="96.015" tests="5" failures="0" errors="0">
   <testsuite name="Amazon_Test_Suite_InternalData" tests="5" failures="0" errors="0" time="96.015" skipped="0" timestamp="27-01-2024T00:32:10" hostname="puliv - 192.168.1.44" id="Test Suites/Amazon_Test_Suite_DDT/Amazon_Test_Suite_InternalData">
      <properties>
         <property name="deviceName" value=""/>
         <property name="devicePlatform" value=""/>
         <property name="logFolder" value="C:\\Workspace\\AMAZON_Automation-Testing-using-Katalon\\Reports\\20240127_003207\\Amazon_Test_Suite_DDT\\Amazon_Test_Suite_InternalData\\20240127_003207"/>
         <property name="logFiles" value="C:\\Workspace\\AMAZON_Automation-Testing-using-Katalon\\Reports\\20240127_003207\\Amazon_Test_Suite_DDT\\Amazon_Test_Suite_InternalData\\20240127_003207\\execution0.log"/>
         <property name="attachments" value=""/>
         <property name="hostName" value="puliv - 192.168.1.44"/>
         <property name="os" value="Windows 11 64bit"/>
         <property name="katalonVersion" value="9.1.0.212"/>
         <property name="browser" value="Chrome 120.0.0.0"/>
         <property name="hostAddress" value="192.168.1.44"/>
         <property name="sessionId" value="12b993a3398487d07cd263ec66946dfa"/>
         <property name="seleniumVersion" value="3.141.59"/>
         <property name="proxyInformation" value="ProxyInformation { proxyOption=NO_PROXY, proxyServerType=HTTP, username=, password=********, proxyServerAddress=, proxyServerPort=0, executionList=&quot;&quot;, isApplyToDesiredCapabilities=true }"/>
         <property name="platform" value="Windows 11"/>
      </properties>
      <testcase name="Test Cases/Data_Driven_Testing/TC_Amazon_Excel_001" time="19.658" classname="Test Cases/Data_Driven_Testing/TC_Amazon_Excel_001" status="PASSED">
         <system-out><![CDATA[27-01-2024T00:32:10 - [TEST_CASE][PASSED] - Test Cases/Data_Driven_Testing/TC_Amazon_Excel_001: Test Cases/Data_Driven_Testing/TC_Amazon_Excel_001

27-01-2024T00:32:11 - [TEST_STEP][PASSED] - openBrowser(""): Browser is opened with url: ''

27-01-2024T00:32:11 - [MESSAGE][INFO] - Starting 'Chrome' driver

27-01-2024T00:32:11 - [MESSAGE][INFO] - Action delay is set to 0 milliseconds

27-01-2024T00:32:12 - [MESSAGE][PASSED] - Browser is opened with url: ''

27-01-2024T00:32:12 - [TEST_STEP][PASSED] - navigateToUrl("https://www.amazon.com/"): Navigate to 'https://www.amazon.com/' successfully

27-01-2024T00:32:14 - [MESSAGE][PASSED] - Navigate to 'https://www.amazon.com/' successfully

27-01-2024T00:32:14 - [TEST_STEP][PASSED] - maximizeWindow(): Current window maximized

27-01-2024T00:32:14 - [MESSAGE][PASSED] - Current window maximized

27-01-2024T00:32:14 - [TEST_STEP][PASSED] - selectOptionByLabel(findTestObject("Object Repository/Amazon_Search_Item_OR/Page_Amazon.com. Spend less. Smile more/select_All Departments        Arts  Crafts _135c92"), Category_Item, true): All options with label 'Books' are selected in object 'Object Repository/Amazon_Search_Item_OR/Page_Amazon.com. Spend less. Smile more/select_All Departments        Arts  Crafts _135c92'  using regular expression

27-01-2024T00:32:24 - [MESSAGE][PASSED] - All options with label 'Books' are selected in object 'Object Repository/Amazon_Search_Item_OR/Page_Amazon.com. Spend less. Smile more/select_All Departments        Arts  Crafts _135c92'  using regular expression

27-01-2024T00:32:24 - [TEST_STEP][PASSED] - setText(findTestObject("Object Repository/Amazon_Search_Item_OR/Page_Amazon.com. Spend less. Smile more/input_field-keywords"), Product): Text 'Death Note' is set on object 'Object Repository/Amazon_Search_Item_OR/Page_Amazon.com. Spend less. Smile more/input_field-keywords'

27-01-2024T00:32:25 - [MESSAGE][PASSED] - Text 'Death Note' is set on object 'Object Repository/Amazon_Search_Item_OR/Page_Amazon.com. Spend less. Smile more/input_field-keywords'

27-01-2024T00:32:25 - [TEST_STEP][PASSED] - click(findTestObject("Object Repository/Amazon_Search_Item_OR/Page_Amazon.com. Spend less. Smile more/inputnav-search-submit-button")): Object: 'Object Repository/Amazon_Search_Item_OR/Page_Amazon.com. Spend less. Smile more/inputnav-search-submit-button' is clicked on

27-01-2024T00:32:30 - [MESSAGE][PASSED] - Object: 'Object Repository/Amazon_Search_Item_OR/Page_Amazon.com. Spend less. Smile more/inputnav-search-submit-button' is clicked on

27-01-2024T00:32:30 - [TEST_STEP][PASSED] - closeBrowser(): Browser is closed

27-01-2024T00:32:30 - [MESSAGE][PASSED] - Browser is closed]]></system-out>
         <system-err><![CDATA[]]></system-err>
      </testcase>
      <testcase name="Test Cases/Data_Driven_Testing/TC_Amazon_Excel_001" time="16.014" classname="Test Cases/Data_Driven_Testing/TC_Amazon_Excel_001" status="PASSED">
         <system-out><![CDATA[27-01-2024T00:32:30 - [TEST_CASE][PASSED] - Test Cases/Data_Driven_Testing/TC_Amazon_Excel_001: Test Cases/Data_Driven_Testing/TC_Amazon_Excel_001

27-01-2024T00:32:30 - [TEST_STEP][PASSED] - openBrowser(""): Browser is opened with url: ''

27-01-2024T00:32:30 - [MESSAGE][INFO] - Starting 'Chrome' driver

27-01-2024T00:32:30 - [MESSAGE][INFO] - Action delay is set to 0 milliseconds

27-01-2024T00:32:31 - [MESSAGE][PASSED] - Browser is opened with url: ''

27-01-2024T00:32:31 - [TEST_STEP][PASSED] - navigateToUrl("https://www.amazon.com/"): Navigate to 'https://www.amazon.com/' successfully

27-01-2024T00:32:33 - [MESSAGE][PASSED] - Navigate to 'https://www.amazon.com/' successfully

27-01-2024T00:32:33 - [TEST_STEP][PASSED] - maximizeWindow(): Current window maximized

27-01-2024T00:32:33 - [MESSAGE][PASSED] - Current window maximized

27-01-2024T00:32:33 - [TEST_STEP][PASSED] - selectOptionByLabel(findTestObject("Object Repository/Amazon_Search_Item_OR/Page_Amazon.com. Spend less. Smile more/select_All Departments        Arts  Crafts _135c92"), Category_Item, true): All options with label 'Electronics' are selected in object 'Object Repository/Amazon_Search_Item_OR/Page_Amazon.com. Spend less. Smile more/select_All Departments        Arts  Crafts _135c92'  using regular expression

27-01-2024T00:32:41 - [MESSAGE][PASSED] - All options with label 'Electronics' are selected in object 'Object Repository/Amazon_Search_Item_OR/Page_Amazon.com. Spend less. Smile more/select_All Departments        Arts  Crafts _135c92'  using regular expression

27-01-2024T00:32:41 - [TEST_STEP][PASSED] - setText(findTestObject("Object Repository/Amazon_Search_Item_OR/Page_Amazon.com. Spend less. Smile more/input_field-keywords"), Product): Text 'Smart Watches' is set on object 'Object Repository/Amazon_Search_Item_OR/Page_Amazon.com. Spend less. Smile more/input_field-keywords'

27-01-2024T00:32:41 - [MESSAGE][PASSED] - Text 'Smart Watches' is set on object 'Object Repository/Amazon_Search_Item_OR/Page_Amazon.com. Spend less. Smile more/input_field-keywords'

27-01-2024T00:32:41 - [TEST_STEP][PASSED] - click(findTestObject("Object Repository/Amazon_Search_Item_OR/Page_Amazon.com. Spend less. Smile more/inputnav-search-submit-button")): Object: 'Object Repository/Amazon_Search_Item_OR/Page_Amazon.com. Spend less. Smile more/inputnav-search-submit-button' is clicked on

27-01-2024T00:32:46 - [MESSAGE][PASSED] - Object: 'Object Repository/Amazon_Search_Item_OR/Page_Amazon.com. Spend less. Smile more/inputnav-search-submit-button' is clicked on

27-01-2024T00:32:46 - [TEST_STEP][PASSED] - closeBrowser(): Browser is closed

27-01-2024T00:32:46 - [MESSAGE][PASSED] - Browser is closed]]></system-out>
         <system-err><![CDATA[]]></system-err>
      </testcase>
      <testcase name="Test Cases/Data_Driven_Testing/TC_Amazon_Excel_001" time="24.971" classname="Test Cases/Data_Driven_Testing/TC_Amazon_Excel_001" status="PASSED">
         <system-out><![CDATA[27-01-2024T00:32:46 - [TEST_CASE][PASSED] - Test Cases/Data_Driven_Testing/TC_Amazon_Excel_001: Test Cases/Data_Driven_Testing/TC_Amazon_Excel_001

27-01-2024T00:32:46 - [TEST_STEP][PASSED] - openBrowser(""): Browser is opened with url: ''

27-01-2024T00:32:46 - [MESSAGE][INFO] - Starting 'Chrome' driver

27-01-2024T00:32:46 - [MESSAGE][INFO] - Action delay is set to 0 milliseconds

27-01-2024T00:32:47 - [MESSAGE][PASSED] - Browser is opened with url: ''

27-01-2024T00:32:47 - [TEST_STEP][PASSED] - navigateToUrl("https://www.amazon.com/"): Navigate to 'https://www.amazon.com/' successfully

27-01-2024T00:32:49 - [MESSAGE][PASSED] - Navigate to 'https://www.amazon.com/' successfully

27-01-2024T00:32:49 - [TEST_STEP][PASSED] - maximizeWindow(): Current window maximized

27-01-2024T00:32:49 - [MESSAGE][PASSED] - Current window maximized

27-01-2024T00:32:49 - [TEST_STEP][PASSED] - selectOptionByLabel(findTestObject("Object Repository/Amazon_Search_Item_OR/Page_Amazon.com. Spend less. Smile more/select_All Departments        Arts  Crafts _135c92"), Category_Item, true): All options with label 'Baby' are selected in object 'Object Repository/Amazon_Search_Item_OR/Page_Amazon.com. Spend less. Smile more/select_All Departments        Arts  Crafts _135c92'  using regular expression

27-01-2024T00:33:04 - [MESSAGE][PASSED] - All options with label 'Baby' are selected in object 'Object Repository/Amazon_Search_Item_OR/Page_Amazon.com. Spend less. Smile more/select_All Departments        Arts  Crafts _135c92'  using regular expression

27-01-2024T00:33:04 - [TEST_STEP][PASSED] - setText(findTestObject("Object Repository/Amazon_Search_Item_OR/Page_Amazon.com. Spend less. Smile more/input_field-keywords"), Product): Text 'Stroller' is set on object 'Object Repository/Amazon_Search_Item_OR/Page_Amazon.com. Spend less. Smile more/input_field-keywords'

27-01-2024T00:33:05 - [MESSAGE][PASSED] - Text 'Stroller' is set on object 'Object Repository/Amazon_Search_Item_OR/Page_Amazon.com. Spend less. Smile more/input_field-keywords'

27-01-2024T00:33:05 - [TEST_STEP][PASSED] - click(findTestObject("Object Repository/Amazon_Search_Item_OR/Page_Amazon.com. Spend less. Smile more/inputnav-search-submit-button")): Object: 'Object Repository/Amazon_Search_Item_OR/Page_Amazon.com. Spend less. Smile more/inputnav-search-submit-button' is clicked on

27-01-2024T00:33:11 - [MESSAGE][PASSED] - Object: 'Object Repository/Amazon_Search_Item_OR/Page_Amazon.com. Spend less. Smile more/inputnav-search-submit-button' is clicked on

27-01-2024T00:33:11 - [TEST_STEP][PASSED] - closeBrowser(): Browser is closed

27-01-2024T00:33:11 - [MESSAGE][PASSED] - Browser is closed]]></system-out>
         <system-err><![CDATA[]]></system-err>
      </testcase>
      <testcase name="Test Cases/Data_Driven_Testing/TC_Amazon_Excel_001" time="18.64" classname="Test Cases/Data_Driven_Testing/TC_Amazon_Excel_001" status="PASSED">
         <system-out><![CDATA[27-01-2024T00:33:11 - [TEST_CASE][PASSED] - Test Cases/Data_Driven_Testing/TC_Amazon_Excel_001: Test Cases/Data_Driven_Testing/TC_Amazon_Excel_001

27-01-2024T00:33:11 - [TEST_STEP][PASSED] - openBrowser(""): Browser is opened with url: ''

27-01-2024T00:33:11 - [MESSAGE][INFO] - Starting 'Chrome' driver

27-01-2024T00:33:11 - [MESSAGE][INFO] - Action delay is set to 0 milliseconds

27-01-2024T00:33:12 - [MESSAGE][PASSED] - Browser is opened with url: ''

27-01-2024T00:33:12 - [TEST_STEP][PASSED] - navigateToUrl("https://www.amazon.com/"): Navigate to 'https://www.amazon.com/' successfully

27-01-2024T00:33:14 - [MESSAGE][PASSED] - Navigate to 'https://www.amazon.com/' successfully

27-01-2024T00:33:14 - [TEST_STEP][PASSED] - maximizeWindow(): Current window maximized

27-01-2024T00:33:14 - [MESSAGE][PASSED] - Current window maximized

27-01-2024T00:33:14 - [TEST_STEP][PASSED] - selectOptionByLabel(findTestObject("Object Repository/Amazon_Search_Item_OR/Page_Amazon.com. Spend less. Smile more/select_All Departments        Arts  Crafts _135c92"), Category_Item, true): All options with label 'Beauty & Personal Care' are selected in object 'Object Repository/Amazon_Search_Item_OR/Page_Amazon.com. Spend less. Smile more/select_All Departments        Arts  Crafts _135c92'  using regular expression

27-01-2024T00:33:24 - [MESSAGE][PASSED] - All options with label 'Beauty & Personal Care' are selected in object 'Object Repository/Amazon_Search_Item_OR/Page_Amazon.com. Spend less. Smile more/select_All Departments        Arts  Crafts _135c92'  using regular expression

27-01-2024T00:33:24 - [TEST_STEP][PASSED] - setText(findTestObject("Object Repository/Amazon_Search_Item_OR/Page_Amazon.com. Spend less. Smile more/input_field-keywords"), Product): Text 'Lotions' is set on object 'Object Repository/Amazon_Search_Item_OR/Page_Amazon.com. Spend less. Smile more/input_field-keywords'

27-01-2024T00:33:25 - [MESSAGE][PASSED] - Text 'Lotions' is set on object 'Object Repository/Amazon_Search_Item_OR/Page_Amazon.com. Spend less. Smile more/input_field-keywords'

27-01-2024T00:33:25 - [TEST_STEP][PASSED] - click(findTestObject("Object Repository/Amazon_Search_Item_OR/Page_Amazon.com. Spend less. Smile more/inputnav-search-submit-button")): Object: 'Object Repository/Amazon_Search_Item_OR/Page_Amazon.com. Spend less. Smile more/inputnav-search-submit-button' is clicked on

27-01-2024T00:33:29 - [MESSAGE][PASSED] - Object: 'Object Repository/Amazon_Search_Item_OR/Page_Amazon.com. Spend less. Smile more/inputnav-search-submit-button' is clicked on

27-01-2024T00:33:29 - [TEST_STEP][PASSED] - closeBrowser(): Browser is closed

27-01-2024T00:33:30 - [MESSAGE][PASSED] - Browser is closed]]></system-out>
         <system-err><![CDATA[]]></system-err>
      </testcase>
      <testcase name="Test Cases/Data_Driven_Testing/TC_Amazon_InternalData_002" time="16.412" classname="Test Cases/Data_Driven_Testing/TC_Amazon_InternalData_002" status="PASSED">
         <system-out><![CDATA[27-01-2024T00:33:30 - [TEST_CASE][PASSED] - Test Cases/Data_Driven_Testing/TC_Amazon_InternalData_002: Test Cases/Data_Driven_Testing/TC_Amazon_InternalData_002

27-01-2024T00:33:30 - [TEST_STEP][PASSED] - openBrowser(""): Browser is opened with url: ''

27-01-2024T00:33:30 - [MESSAGE][INFO] - Starting 'Chrome' driver

27-01-2024T00:33:30 - [MESSAGE][INFO] - Action delay is set to 0 milliseconds

27-01-2024T00:33:30 - [MESSAGE][PASSED] - Browser is opened with url: ''

27-01-2024T00:33:30 - [TEST_STEP][PASSED] - navigateToUrl("https://www.amazon.com/"): Navigate to 'https://www.amazon.com/' successfully

27-01-2024T00:33:32 - [MESSAGE][PASSED] - Navigate to 'https://www.amazon.com/' successfully

27-01-2024T00:33:32 - [TEST_STEP][PASSED] - maximizeWindow(): Current window maximized

27-01-2024T00:33:32 - [MESSAGE][PASSED] - Current window maximized

27-01-2024T00:33:32 - [TEST_STEP][PASSED] - click(findTestObject("Object Repository/Amazon_Sign_in_Page_OR/Page_Amazon.com. Spend less. Smile more/span_Hello, sign in")): Object: 'Object Repository/Amazon_Sign_in_Page_OR/Page_Amazon.com. Spend less. Smile more/span_Hello, sign in' is clicked on

27-01-2024T00:33:42 - [MESSAGE][PASSED] - Object: 'Object Repository/Amazon_Sign_in_Page_OR/Page_Amazon.com. Spend less. Smile more/span_Hello, sign in' is clicked on

27-01-2024T00:33:42 - [TEST_STEP][PASSED] - setText(findTestObject("Object Repository/Amazon_Sign_in_Page_OR/Page_Amazon Sign-In/input_email"), findTestData("Amazon_DDT_Excel/Amazon_TestData_InternalData").getValue(1, 1)): Text 'pulivarshit@gmail.com' is set on object 'Object Repository/Amazon_Sign_in_Page_OR/Page_Amazon Sign-In/input_email'

27-01-2024T00:33:43 - [MESSAGE][PASSED] - Text 'pulivarshit@gmail.com' is set on object 'Object Repository/Amazon_Sign_in_Page_OR/Page_Amazon Sign-In/input_email'

27-01-2024T00:33:43 - [TEST_STEP][PASSED] - click(findTestObject("Object Repository/Amazon_Sign_in_Page_OR/Page_Amazon Sign-In/inputcontinue")): Object: 'Object Repository/Amazon_Sign_in_Page_OR/Page_Amazon Sign-In/inputcontinue' is clicked on

27-01-2024T00:33:44 - [MESSAGE][PASSED] - Object: 'Object Repository/Amazon_Sign_in_Page_OR/Page_Amazon Sign-In/inputcontinue' is clicked on

27-01-2024T00:33:44 - [TEST_STEP][PASSED] - setText(findTestObject("Object Repository/Amazon_Sign_in_Page_OR/Page_Amazon Sign-In/input_password"), findTestData("Amazon_DDT_Excel/Amazon_TestData_InternalData").getValue(2, 1)): Text 'confidential' is set on object 'Object Repository/Amazon_Sign_in_Page_OR/Page_Amazon Sign-In/input_password'

27-01-2024T00:33:45 - [MESSAGE][PASSED] - Text 'confidential' is set on object 'Object Repository/Amazon_Sign_in_Page_OR/Page_Amazon Sign-In/input_password'

27-01-2024T00:33:45 - [TEST_STEP][PASSED] - click(findTestObject("Object Repository/Amazon_Sign_in_Page_OR/Page_Amazon Sign-In/inputsignInSubmit")): Object: 'Object Repository/Amazon_Sign_in_Page_OR/Page_Amazon Sign-In/inputsignInSubmit' is clicked on

27-01-2024T00:33:46 - [MESSAGE][PASSED] - Object: 'Object Repository/Amazon_Sign_in_Page_OR/Page_Amazon Sign-In/inputsignInSubmit' is clicked on

27-01-2024T00:33:46 - [TEST_STEP][PASSED] - closeBrowser(): Browser is closed

27-01-2024T00:33:46 - [MESSAGE][PASSED] - Browser is closed]]></system-out>
         <system-err><![CDATA[]]></system-err>
      </testcase>
      <system-out><![CDATA[27-01-2024T00:32:10 - [TEST_SUITE][PASSED] - Amazon_Test_Suite_InternalData: Test Cases/Data_Driven_Testing/TC_Amazon_InternalData_002]]></system-out>
      <system-err><![CDATA[]]></system-err>
   </testsuite>
</testsuites>
