<?xml version="1.0" encoding="UTF-8"?>
<testsuites name="Amazon_TL_SearchItem_Validation" time="31.132" tests="1" failures="0" errors="0">
   <testsuite name="Amazon_TL_SearchItem_Validation" tests="1" failures="0" errors="0" time="31.132" skipped="0" timestamp="05-02-2024T22:59:57" hostname="puliv - 192.168.1.44" id="Test Suites/Amazon_TL_Test_Suite/Amazon_TL_SearchItem_Validation">
      <properties>
         <property name="deviceName" value=""/>
         <property name="devicePlatform" value=""/>
         <property name="logFolder" value="C:\\Workspace\\AMAZON_Automation-Testing-using-Katalon\\Project Files\\Reports\\20240205_225945\\Amazon_TL_Test_Suite\\Amazon_TL_SearchItem_Validation\\20240205_225949"/>
         <property name="logFiles" value="C:\\Workspace\\AMAZON_Automation-Testing-using-Katalon\\Project Files\\Reports\\20240205_225945\\Amazon_TL_Test_Suite\\Amazon_TL_SearchItem_Validation\\20240205_225949\\execution0.log"/>
         <property name="attachments" value=""/>
         <property name="hostName" value="puliv - 192.168.1.44"/>
         <property name="os" value="Windows 11 64bit"/>
         <property name="katalonVersion" value="9.2.0.212"/>
         <property name="browser" value="Chrome 121.0.0.0"/>
         <property name="hostAddress" value="192.168.1.44"/>
         <property name="sessionId" value="57a96fe2e99942ae96f11e0e86dc2ac4"/>
         <property name="seleniumVersion" value="3.141.59"/>
         <property name="proxyInformation" value="ProxyInformation { proxyOption=NO_PROXY, proxyServerType=HTTP, username=, password=********, proxyServerAddress=, proxyServerPort=0, executionList=&quot;&quot;, isApplyToDesiredCapabilities=true }"/>
         <property name="platform" value="Windows 11"/>
      </properties>
      <testcase name="Test Cases/Amazom_Test_Listeners/TC_TL_Amazon_SearchItem_Validation" time="25.29" classname="Test Cases/Amazom_Test_Listeners/TC_TL_Amazon_SearchItem_Validation" status="PASSED">
         <system-out><![CDATA[05-02-2024T23:00:03 - [TEST_CASE][PASSED] - Test Cases/Amazom_Test_Listeners/TC_TL_Amazon_SearchItem_Validation: Test Cases/Amazom_Test_Listeners/TC_TL_Amazon_SearchItem_Validation

05-02-2024T23:00:03 - [TEST_STEP][PASSED] - Start listener action : sampleBeforeTestCase: Object: 'Object Repository/Amazon_TL_SearchItem_Validation_OR/Page_Amazon Sign-In/inputsignInSubmit' is clicked on

05-02-2024T23:00:03 - [TEST_STEP][PASSED] - click(findTestObject("Object Repository/Amazon_TL_SearchItem_Validation_OR/Page_Amazon.com. Spend less. Smile more/span_Hello, sign in")): Object: 'Object Repository/Amazon_TL_SearchItem_Validation_OR/Page_Amazon.com. Spend less. Smile more/span_Hello, sign in' is clicked on

05-02-2024T23:00:06 - [MESSAGE][PASSED] - Object: 'Object Repository/Amazon_TL_SearchItem_Validation_OR/Page_Amazon.com. Spend less. Smile more/span_Hello, sign in' is clicked on

05-02-2024T23:00:06 - [TEST_STEP][PASSED] - setText(findTestObject("Object Repository/Amazon_TL_SearchItem_Validation_OR/Page_Amazon Sign-In/input_email"), "pulivarshit@gmail.com"): Text 'pulivarshit@gmail.com' is set on object 'Object Repository/Amazon_TL_SearchItem_Validation_OR/Page_Amazon Sign-In/input_email'

05-02-2024T23:00:08 - [MESSAGE][PASSED] - Text 'pulivarshit@gmail.com' is set on object 'Object Repository/Amazon_TL_SearchItem_Validation_OR/Page_Amazon Sign-In/input_email'

05-02-2024T23:00:08 - [TEST_STEP][PASSED] - click(findTestObject("Object Repository/Amazon_TL_SearchItem_Validation_OR/Page_Amazon Sign-In/inputcontinue")): Object: 'Object Repository/Amazon_TL_SearchItem_Validation_OR/Page_Amazon Sign-In/inputcontinue' is clicked on

05-02-2024T23:00:10 - [MESSAGE][PASSED] - Object: 'Object Repository/Amazon_TL_SearchItem_Validation_OR/Page_Amazon Sign-In/inputcontinue' is clicked on

05-02-2024T23:00:10 - [TEST_STEP][PASSED] - setEncryptedText(findTestObject("Object Repository/Amazon_TL_SearchItem_Validation_OR/Page_Amazon Sign-In/input_password"), "8LAb5JbH9GYYbeHjJjwPWg=="): Text ****** has been set on object 'Object Repository/Amazon_TL_SearchItem_Validation_OR/Page_Amazon Sign-In/input_password'

05-02-2024T23:00:11 - [MESSAGE][PASSED] - Text ****** has been set on object 'Object Repository/Amazon_TL_SearchItem_Validation_OR/Page_Amazon Sign-In/input_password'

05-02-2024T23:00:11 - [TEST_STEP][PASSED] - click(findTestObject("Object Repository/Amazon_TL_SearchItem_Validation_OR/Page_Amazon Sign-In/inputsignInSubmit")): Object: 'Object Repository/Amazon_TL_SearchItem_Validation_OR/Page_Amazon Sign-In/inputsignInSubmit' is clicked on

05-02-2024T23:00:11 - [MESSAGE][PASSED] - Object: 'Object Repository/Amazon_TL_SearchItem_Validation_OR/Page_Amazon Sign-In/inputsignInSubmit' is clicked on

05-02-2024T23:00:11 - [TEST_STEP][PASSED] - selectOptionByValue(findTestObject("Object Repository/Amazon_Search_Item_OR/Page_Amazon.com. Spend less. Smile more/select_All Departments        Arts  Crafts _135c92"), "search-alias=stripbooks-intl-ship", true): All options with value 'search-alias=stripbooks-intl-ship' are selected in object 'Object Repository/Amazon_Search_Item_OR/Page_Amazon.com. Spend less. Smile more/select_All Departments        Arts  Crafts _135c92'  using regular expression

05-02-2024T23:00:16 - [MESSAGE][PASSED] - All options with value 'search-alias=stripbooks-intl-ship' are selected in object 'Object Repository/Amazon_Search_Item_OR/Page_Amazon.com. Spend less. Smile more/select_All Departments        Arts  Crafts _135c92'  using regular expression

05-02-2024T23:00:16 - [TEST_STEP][PASSED] - setText(findTestObject("Object Repository/Amazon_Search_Item_OR/Page_Amazon.com. Spend less. Smile more/input_field-keywords"), "Death Note"): Text 'Death Note' is set on object 'Object Repository/Amazon_Search_Item_OR/Page_Amazon.com. Spend less. Smile more/input_field-keywords'

05-02-2024T23:00:17 - [MESSAGE][PASSED] - Text 'Death Note' is set on object 'Object Repository/Amazon_Search_Item_OR/Page_Amazon.com. Spend less. Smile more/input_field-keywords'

05-02-2024T23:00:17 - [TEST_STEP][PASSED] - click(findTestObject("Object Repository/Amazon_Search_Item_OR/Page_Amazon.com. Spend less. Smile more/inputnav-search-submit-button")): Object: 'Object Repository/Amazon_Search_Item_OR/Page_Amazon.com. Spend less. Smile more/inputnav-search-submit-button' is clicked on

05-02-2024T23:00:22 - [MESSAGE][PASSED] - Object: 'Object Repository/Amazon_Search_Item_OR/Page_Amazon.com. Spend less. Smile more/inputnav-search-submit-button' is clicked on

05-02-2024T23:00:22 - [TEST_STEP][PASSED] - Start listener action : sampleAfterTestCase: Object: 'Object Repository/Amazon_TL_SearchItem_Validation_OR/Page_Your Account/span_Sign Out' is clicked on

05-02-2024T23:00:22 - [TEST_STEP][PASSED] - focus(findTestObject("Amazon_TL_SearchItem_Validation_OR/Page_Amazon.com. Spend less. Smile more/span_Account  Lists_nav-icon nav-arrow")): Object: 'Object Repository/Amazon_TL_SearchItem_Validation_OR/Page_Amazon.com. Spend less. Smile more/span_Account  Lists_nav-icon nav-arrow' is focused

05-02-2024T23:00:23 - [MESSAGE][PASSED] - Object: 'Object Repository/Amazon_TL_SearchItem_Validation_OR/Page_Amazon.com. Spend less. Smile more/span_Account  Lists_nav-icon nav-arrow' is focused

05-02-2024T23:00:23 - [TEST_STEP][PASSED] - click(findTestObject("Object Repository/Amazon_TL_SearchItem_Validation_OR/Page_Your Account/span_Sign Out")): Object: 'Object Repository/Amazon_TL_SearchItem_Validation_OR/Page_Your Account/span_Sign Out' is clicked on

05-02-2024T23:00:28 - [MESSAGE][PASSED] - Object: 'Object Repository/Amazon_TL_SearchItem_Validation_OR/Page_Your Account/span_Sign Out' is clicked on]]></system-out>
         <system-err><![CDATA[]]></system-err>
      </testcase>
      <system-out><![CDATA[05-02-2024T22:59:57 - [TEST_SUITE][PASSED] - Amazon_TL_SearchItem_Validation: Test Cases/Amazom_Test_Listeners/TC_TL_Amazon_SearchItem_Validation]]></system-out>
      <system-err><![CDATA[]]></system-err>
   </testsuite>
</testsuites>
