<?xml version="1.0" encoding="UTF-8"?>
<testsuites name="Amazon_Recording_Scenarios_001" time="79.156" tests="5" failures="0" errors="0">
   <testsuite name="Amazon_Recording_Scenarios_001" tests="5" failures="0" errors="0" time="79.156" skipped="0" timestamp="26-01-2024T20:52:19" hostname="puliv - 192.168.1.44" id="Test Suites/Amazon_Test_Suite/Amazon_Recording_Scenarios_001">
      <properties>
         <property name="deviceName" value=""/>
         <property name="devicePlatform" value=""/>
         <property name="logFolder" value="C:\\Workspace\\AMAZON_Automation-Testing-using-Katalon\\Reports\\20240126_205212\\Amazon_Test_Suite\\Amazon_Recording_Scenarios_001\\20240126_205213"/>
         <property name="logFiles" value="C:\\Workspace\\AMAZON_Automation-Testing-using-Katalon\\Reports\\20240126_205212\\Amazon_Test_Suite\\Amazon_Recording_Scenarios_001\\20240126_205213\\execution0.log"/>
         <property name="attachments" value=""/>
         <property name="hostName" value="puliv - 192.168.1.44"/>
         <property name="os" value="Windows 11 64bit"/>
         <property name="katalonVersion" value="9.1.0.212"/>
         <property name="browser" value="Chrome 120.0.0.0"/>
         <property name="hostAddress" value="192.168.1.44"/>
         <property name="sessionId" value="3b4ef86694fb7eba7790fbb5eb6178bc"/>
         <property name="seleniumVersion" value="3.141.59"/>
         <property name="proxyInformation" value="ProxyInformation { proxyOption=NO_PROXY, proxyServerType=HTTP, username=, password=********, proxyServerAddress=, proxyServerPort=0, executionList=&quot;&quot;, isApplyToDesiredCapabilities=true }"/>
         <property name="platform" value="Windows 11"/>
      </properties>
      <testcase name="Test Cases/Amazon/TC_Amazon_AddToCart_004" time="26.105" classname="Test Cases/Amazon/TC_Amazon_AddToCart_004" status="PASSED">
         <system-out><![CDATA[26-01-2024T20:52:20 - [TEST_CASE][PASSED] - Test Cases/Amazon/TC_Amazon_AddToCart_004: Test Cases/Amazon/TC_Amazon_AddToCart_004

26-01-2024T20:52:20 - [TEST_STEP][PASSED] - openBrowser(""): Browser is opened with url: ''

26-01-2024T20:52:20 - [MESSAGE][INFO] - Starting 'Chrome' driver

26-01-2024T20:52:20 - [MESSAGE][INFO] - Action delay is set to 0 milliseconds

26-01-2024T20:52:21 - [MESSAGE][PASSED] - Browser is opened with url: ''

26-01-2024T20:52:21 - [TEST_STEP][PASSED] - navigateToUrl("https://www.amazon.com/"): Navigate to 'https://www.amazon.com/' successfully

26-01-2024T20:52:23 - [MESSAGE][PASSED] - Navigate to 'https://www.amazon.com/' successfully

26-01-2024T20:52:23 - [TEST_STEP][PASSED] - maximizeWindow(): Current window maximized

26-01-2024T20:52:23 - [MESSAGE][PASSED] - Current window maximized

26-01-2024T20:52:23 - [TEST_STEP][PASSED] - selectOptionByValue(findTestObject("Object Repository/Amazon_Add_To_Cart_OR/Page_Amazon.com. Spend less. Smile more/select_All Departments        Arts  Crafts _135c92"), "search-alias=electronics-intl-ship", true): All options with value 'search-alias=electronics-intl-ship' are selected in object 'Object Repository/Amazon_Add_To_Cart_OR/Page_Amazon.com. Spend less. Smile more/select_All Departments        Arts  Crafts _135c92'  using regular expression

26-01-2024T20:52:26 - [MESSAGE][PASSED] - All options with value 'search-alias=electronics-intl-ship' are selected in object 'Object Repository/Amazon_Add_To_Cart_OR/Page_Amazon.com. Spend less. Smile more/select_All Departments        Arts  Crafts _135c92'  using regular expression

26-01-2024T20:52:26 - [TEST_STEP][PASSED] - setText(findTestObject("Object Repository/Amazon_Add_To_Cart_OR/Page_Amazon.com. Spend less. Smile more/input_field-keywords"), "Alexa"): Text 'Alexa' is set on object 'Object Repository/Amazon_Add_To_Cart_OR/Page_Amazon.com. Spend less. Smile more/input_field-keywords'

26-01-2024T20:52:27 - [MESSAGE][PASSED] - Text 'Alexa' is set on object 'Object Repository/Amazon_Add_To_Cart_OR/Page_Amazon.com. Spend less. Smile more/input_field-keywords'

26-01-2024T20:52:27 - [TEST_STEP][PASSED] - click(findTestObject("Object Repository/Amazon_Search_Item_OR/Page_Amazon.com. Spend less. Smile more/inputnav-search-submit-button")): Object: 'Object Repository/Amazon_Search_Item_OR/Page_Amazon.com. Spend less. Smile more/inputnav-search-submit-button' is clicked on

26-01-2024T20:52:34 - [MESSAGE][PASSED] - Object: 'Object Repository/Amazon_Search_Item_OR/Page_Amazon.com. Spend less. Smile more/inputnav-search-submit-button' is clicked on

26-01-2024T20:52:34 - [TEST_STEP][PASSED] - click(findTestObject("Object Repository/Amazon_Add_To_Cart_OR/Page_Amazon.com  Alexa/span_Certified Refurbished Echo Dot (4th Ge_54254b")): Object: 'Object Repository/Amazon_Add_To_Cart_OR/Page_Amazon.com  Alexa/span_Certified Refurbished Echo Dot (4th Ge_54254b' is clicked on

26-01-2024T20:52:41 - [MESSAGE][PASSED] - Object: 'Object Repository/Amazon_Add_To_Cart_OR/Page_Amazon.com  Alexa/span_Certified Refurbished Echo Dot (4th Ge_54254b' is clicked on

26-01-2024T20:52:41 - [TEST_STEP][PASSED] - click(findTestObject("Amazon_Add_To_Cart_OR/Page_Amazon.com Certified Refurbished Echo Dot (4th Gen)  Smart speaker with clock and Alexa  Twilight Blue  Amazon Devices  Accessories/span_Quantity1")): Object: 'Object Repository/Amazon_Add_To_Cart_OR/Page_Amazon.com Certified Refurbished Echo Dot (4th Gen)  Smart speaker with clock and Alexa  Twilight Blue  Amazon Devices  Accessories/span_Quantity1' is clicked on

26-01-2024T20:52:44 - [MESSAGE][PASSED] - Object: 'Object Repository/Amazon_Add_To_Cart_OR/Page_Amazon.com Certified Refurbished Echo Dot (4th Gen)  Smart speaker with clock and Alexa  Twilight Blue  Amazon Devices  Accessories/span_Quantity1' is clicked on

26-01-2024T20:52:44 - [TEST_STEP][PASSED] - click(findTestObject("Amazon_Add_To_Cart_OR/Page_Amazon.com Certified Refurbished Echo _bb43fb/a_2")): Object: 'Object Repository/Amazon_Add_To_Cart_OR/Page_Amazon.com Certified Refurbished Echo _bb43fb/a_2' is clicked on

26-01-2024T20:52:44 - [MESSAGE][PASSED] - Object: 'Object Repository/Amazon_Add_To_Cart_OR/Page_Amazon.com Certified Refurbished Echo _bb43fb/a_2' is clicked on

26-01-2024T20:52:44 - [TEST_STEP][PASSED] - click(findTestObject("Object Repository/Amazon_Add_To_Cart_OR/Page_Amazon.com Certified Refurbished Echo _bb43fb/span_Add to Cart")): Object: 'Object Repository/Amazon_Add_To_Cart_OR/Page_Amazon.com Certified Refurbished Echo _bb43fb/span_Add to Cart' is clicked on

26-01-2024T20:52:45 - [MESSAGE][PASSED] - Object: 'Object Repository/Amazon_Add_To_Cart_OR/Page_Amazon.com Certified Refurbished Echo _bb43fb/span_Add to Cart' is clicked on

26-01-2024T20:52:45 - [TEST_STEP][PASSED] - closeBrowser(): Browser is closed

26-01-2024T20:52:46 - [MESSAGE][PASSED] - Browser is closed]]></system-out>
         <system-err><![CDATA[]]></system-err>
      </testcase>
      <testcase name="Test Cases/Amazon/TC_Amazon_Order_Item_005" time="21.069" classname="Test Cases/Amazon/TC_Amazon_Order_Item_005" status="PASSED">
         <system-out><![CDATA[26-01-2024T20:52:46 - [TEST_CASE][PASSED] - Test Cases/Amazon/TC_Amazon_Order_Item_005: Test Cases/Amazon/TC_Amazon_Order_Item_005

26-01-2024T20:52:46 - [TEST_STEP][PASSED] - openBrowser(""): Browser is opened with url: ''

26-01-2024T20:52:46 - [MESSAGE][INFO] - Starting 'Chrome' driver

26-01-2024T20:52:46 - [MESSAGE][INFO] - Action delay is set to 0 milliseconds

26-01-2024T20:52:47 - [MESSAGE][PASSED] - Browser is opened with url: ''

26-01-2024T20:52:47 - [TEST_STEP][PASSED] - navigateToUrl("https://www.amazon.com/"): Navigate to 'https://www.amazon.com/' successfully

26-01-2024T20:52:49 - [MESSAGE][PASSED] - Navigate to 'https://www.amazon.com/' successfully

26-01-2024T20:52:49 - [TEST_STEP][PASSED] - maximizeWindow(): Current window maximized

26-01-2024T20:52:49 - [MESSAGE][PASSED] - Current window maximized

26-01-2024T20:52:49 - [TEST_STEP][PASSED] - click(findTestObject("Amazon_Order_Item_OR/Amazon_Order_Item/span_Orders_nav-cart-icon nav-sprite")): Object: 'Object Repository/Amazon_Order_Item_OR/Amazon_Order_Item/span_Orders_nav-cart-icon nav-sprite' is clicked on

26-01-2024T20:52:51 - [MESSAGE][PASSED] - Object: 'Object Repository/Amazon_Order_Item_OR/Amazon_Order_Item/span_Orders_nav-cart-icon nav-sprite' is clicked on

26-01-2024T20:52:51 - [TEST_STEP][PASSED] - click(findTestObject("Amazon_Order_Item_OR/Page_Amazon.com Shopping Cart/input_This order contains a gift_proceedToRetailCheckout")): Object: 'Object Repository/Amazon_Order_Item_OR/Page_Amazon.com Shopping Cart/input_This order contains a gift_proceedToRetailCheckout' is clicked on

26-01-2024T20:53:07 - [MESSAGE][PASSED] - Object: 'Object Repository/Amazon_Order_Item_OR/Page_Amazon.com Shopping Cart/input_This order contains a gift_proceedToRetailCheckout' is clicked on

26-01-2024T20:53:07 - [TEST_STEP][PASSED] - closeBrowser(): Browser is closed

26-01-2024T20:53:07 - [MESSAGE][PASSED] - Browser is closed]]></system-out>
         <system-err><![CDATA[]]></system-err>
      </testcase>
      <testcase name="Test Cases/Amazon/TC_Amazon_Registration_001" time="12.287" classname="Test Cases/Amazon/TC_Amazon_Registration_001" status="PASSED">
         <system-out><![CDATA[26-01-2024T20:53:07 - [TEST_CASE][PASSED] - Test Cases/Amazon/TC_Amazon_Registration_001: Test Cases/Amazon/TC_Amazon_Registration_001

26-01-2024T20:53:07 - [TEST_STEP][PASSED] - openBrowser(""): Browser is opened with url: ''

26-01-2024T20:53:07 - [MESSAGE][INFO] - Starting 'Chrome' driver

26-01-2024T20:53:07 - [MESSAGE][INFO] - Action delay is set to 0 milliseconds

26-01-2024T20:53:08 - [MESSAGE][PASSED] - Browser is opened with url: ''

26-01-2024T20:53:08 - [TEST_STEP][PASSED] - navigateToUrl("https://www.amazon.com/"): Navigate to 'https://www.amazon.com/' successfully

26-01-2024T20:53:10 - [MESSAGE][PASSED] - Navigate to 'https://www.amazon.com/' successfully

26-01-2024T20:53:10 - [TEST_STEP][PASSED] - maximizeWindow(): Current window maximized

26-01-2024T20:53:10 - [MESSAGE][PASSED] - Current window maximized

26-01-2024T20:53:10 - [TEST_STEP][PASSED] - click(findTestObject("Amazon_Registration_Page_OR/Page_Amazon.com. Spend less. Smile more/span_Hello, sign in")): Object: 'Object Repository/Amazon_Registration_Page_OR/Page_Amazon.com. Spend less. Smile more/span_Hello, sign in' is clicked on

26-01-2024T20:53:11 - [MESSAGE][PASSED] - Object: 'Object Repository/Amazon_Registration_Page_OR/Page_Amazon.com. Spend less. Smile more/span_Hello, sign in' is clicked on

26-01-2024T20:53:11 - [TEST_STEP][PASSED] - click(findTestObject("Amazon_Registration_Page_OR/Page_Amazon Sign-In/a_Create your Amazon account")): Object: 'Object Repository/Amazon_Registration_Page_OR/Page_Amazon Sign-In/a_Create your Amazon account' is clicked on

26-01-2024T20:53:14 - [MESSAGE][PASSED] - Object: 'Object Repository/Amazon_Registration_Page_OR/Page_Amazon Sign-In/a_Create your Amazon account' is clicked on

26-01-2024T20:53:14 - [TEST_STEP][PASSED] - setText(findTestObject("Object Repository/Amazon_Registration_Page_OR/Page_Amazon Registration/input_customerName"), "Varshith Puli"): Text 'Varshith Puli' is set on object 'Object Repository/Amazon_Registration_Page_OR/Page_Amazon Registration/input_customerName'

26-01-2024T20:53:15 - [MESSAGE][PASSED] - Text 'Varshith Puli' is set on object 'Object Repository/Amazon_Registration_Page_OR/Page_Amazon Registration/input_customerName'

26-01-2024T20:53:15 - [TEST_STEP][PASSED] - setText(findTestObject("Object Repository/Amazon_Registration_Page_OR/Page_Amazon Registration/input_email"), "pulivarshit@gmail.com"): Text 'pulivarshit@gmail.com' is set on object 'Object Repository/Amazon_Registration_Page_OR/Page_Amazon Registration/input_email'

26-01-2024T20:53:16 - [MESSAGE][PASSED] - Text 'pulivarshit@gmail.com' is set on object 'Object Repository/Amazon_Registration_Page_OR/Page_Amazon Registration/input_email'

26-01-2024T20:53:16 - [TEST_STEP][PASSED] - setEncryptedText(findTestObject("Object Repository/Amazon_Registration_Page_OR/Page_Amazon Registration/input_password"), "ekVqcL3GsCB2rhXwrdHNaQ=="): Text ****** has been set on object 'Object Repository/Amazon_Registration_Page_OR/Page_Amazon Registration/input_password'

26-01-2024T20:53:16 - [MESSAGE][PASSED] - Text ****** has been set on object 'Object Repository/Amazon_Registration_Page_OR/Page_Amazon Registration/input_password'

26-01-2024T20:53:16 - [TEST_STEP][PASSED] - setEncryptedText(findTestObject("Object Repository/Amazon_Registration_Page_OR/Page_Amazon Registration/input_passwordCheck"), "ekVqcL3GsCB2rhXwrdHNaQ=="): Text ****** has been set on object 'Object Repository/Amazon_Registration_Page_OR/Page_Amazon Registration/input_passwordCheck'

26-01-2024T20:53:17 - [MESSAGE][PASSED] - Text ****** has been set on object 'Object Repository/Amazon_Registration_Page_OR/Page_Amazon Registration/input_passwordCheck'

26-01-2024T20:53:17 - [TEST_STEP][PASSED] - click(findTestObject("Object Repository/Amazon_Registration_Page_OR/Page_Amazon Registration/inputcontinue")): Object: 'Object Repository/Amazon_Registration_Page_OR/Page_Amazon Registration/inputcontinue' is clicked on

26-01-2024T20:53:19 - [MESSAGE][PASSED] - Object: 'Object Repository/Amazon_Registration_Page_OR/Page_Amazon Registration/inputcontinue' is clicked on

26-01-2024T20:53:19 - [TEST_STEP][PASSED] - closeBrowser(): Browser is closed

26-01-2024T20:53:19 - [MESSAGE][PASSED] - Browser is closed]]></system-out>
         <system-err><![CDATA[]]></system-err>
      </testcase>
      <testcase name="Test Cases/Amazon/TC_Amazon_Search_Item_003" time="11.836" classname="Test Cases/Amazon/TC_Amazon_Search_Item_003" status="PASSED">
         <system-out><![CDATA[26-01-2024T20:53:19 - [TEST_CASE][PASSED] - Test Cases/Amazon/TC_Amazon_Search_Item_003: Test Cases/Amazon/TC_Amazon_Search_Item_003

26-01-2024T20:53:19 - [TEST_STEP][PASSED] - openBrowser(""): Browser is opened with url: ''

26-01-2024T20:53:19 - [MESSAGE][INFO] - Starting 'Chrome' driver

26-01-2024T20:53:19 - [MESSAGE][INFO] - Action delay is set to 0 milliseconds

26-01-2024T20:53:20 - [MESSAGE][PASSED] - Browser is opened with url: ''

26-01-2024T20:53:20 - [TEST_STEP][PASSED] - navigateToUrl("https://www.amazon.com/"): Navigate to 'https://www.amazon.com/' successfully

26-01-2024T20:53:22 - [MESSAGE][PASSED] - Navigate to 'https://www.amazon.com/' successfully

26-01-2024T20:53:22 - [TEST_STEP][PASSED] - maximizeWindow(): Current window maximized

26-01-2024T20:53:22 - [MESSAGE][PASSED] - Current window maximized

26-01-2024T20:53:22 - [TEST_STEP][PASSED] - selectOptionByValue(findTestObject("Object Repository/Amazon_Search_Item_OR/Page_Amazon.com. Spend less. Smile more/select_All Departments        Arts  Crafts _135c92"), "search-alias=stripbooks-intl-ship", true): All options with value 'search-alias=stripbooks-intl-ship' are selected in object 'Object Repository/Amazon_Search_Item_OR/Page_Amazon.com. Spend less. Smile more/select_All Departments        Arts  Crafts _135c92'  using regular expression

26-01-2024T20:53:24 - [MESSAGE][PASSED] - All options with value 'search-alias=stripbooks-intl-ship' are selected in object 'Object Repository/Amazon_Search_Item_OR/Page_Amazon.com. Spend less. Smile more/select_All Departments        Arts  Crafts _135c92'  using regular expression

26-01-2024T20:53:24 - [TEST_STEP][PASSED] - setText(findTestObject("Object Repository/Amazon_Search_Item_OR/Page_Amazon.com. Spend less. Smile more/input_field-keywords"), "Death Note"): Text 'Death Note' is set on object 'Object Repository/Amazon_Search_Item_OR/Page_Amazon.com. Spend less. Smile more/input_field-keywords'

26-01-2024T20:53:25 - [MESSAGE][PASSED] - Text 'Death Note' is set on object 'Object Repository/Amazon_Search_Item_OR/Page_Amazon.com. Spend less. Smile more/input_field-keywords'

26-01-2024T20:53:25 - [TEST_STEP][PASSED] - click(findTestObject("Object Repository/Amazon_Search_Item_OR/Page_Amazon.com. Spend less. Smile more/inputnav-search-submit-button")): Object: 'Object Repository/Amazon_Search_Item_OR/Page_Amazon.com. Spend less. Smile more/inputnav-search-submit-button' is clicked on

26-01-2024T20:53:31 - [MESSAGE][PASSED] - Object: 'Object Repository/Amazon_Search_Item_OR/Page_Amazon.com. Spend less. Smile more/inputnav-search-submit-button' is clicked on

26-01-2024T20:53:31 - [TEST_STEP][PASSED] - closeBrowser(): Browser is closed

26-01-2024T20:53:31 - [MESSAGE][PASSED] - Browser is closed]]></system-out>
         <system-err><![CDATA[]]></system-err>
      </testcase>
      <testcase name="Test Cases/Amazon/TC_Amazon_Sign_In_002" time="7.663" classname="Test Cases/Amazon/TC_Amazon_Sign_In_002" status="PASSED">
         <system-out><![CDATA[26-01-2024T20:53:31 - [TEST_CASE][PASSED] - Test Cases/Amazon/TC_Amazon_Sign_In_002: Test Cases/Amazon/TC_Amazon_Sign_In_002

26-01-2024T20:53:31 - [TEST_STEP][PASSED] - openBrowser(""): Browser is opened with url: ''

26-01-2024T20:53:31 - [MESSAGE][INFO] - Starting 'Chrome' driver

26-01-2024T20:53:31 - [MESSAGE][INFO] - Action delay is set to 0 milliseconds

26-01-2024T20:53:32 - [MESSAGE][PASSED] - Browser is opened with url: ''

26-01-2024T20:53:32 - [TEST_STEP][PASSED] - navigateToUrl("https://www.amazon.com/"): Navigate to 'https://www.amazon.com/' successfully

26-01-2024T20:53:33 - [MESSAGE][PASSED] - Navigate to 'https://www.amazon.com/' successfully

26-01-2024T20:53:33 - [TEST_STEP][PASSED] - maximizeWindow(): Current window maximized

26-01-2024T20:53:33 - [MESSAGE][PASSED] - Current window maximized

26-01-2024T20:53:33 - [TEST_STEP][PASSED] - click(findTestObject("Object Repository/Amazon_Sign_in_Page_OR/Page_Amazon.com. Spend less. Smile more/span_Hello, sign in")): Object: 'Object Repository/Amazon_Sign_in_Page_OR/Page_Amazon.com. Spend less. Smile more/span_Hello, sign in' is clicked on

26-01-2024T20:53:35 - [MESSAGE][PASSED] - Object: 'Object Repository/Amazon_Sign_in_Page_OR/Page_Amazon.com. Spend less. Smile more/span_Hello, sign in' is clicked on

26-01-2024T20:53:35 - [TEST_STEP][PASSED] - setText(findTestObject("Object Repository/Amazon_Sign_in_Page_OR/Page_Amazon Sign-In/input_email"), "pulivarshit@gmail.com"): Text 'pulivarshit@gmail.com' is set on object 'Object Repository/Amazon_Sign_in_Page_OR/Page_Amazon Sign-In/input_email'

26-01-2024T20:53:36 - [MESSAGE][PASSED] - Text 'pulivarshit@gmail.com' is set on object 'Object Repository/Amazon_Sign_in_Page_OR/Page_Amazon Sign-In/input_email'

26-01-2024T20:53:36 - [TEST_STEP][PASSED] - click(findTestObject("Object Repository/Amazon_Sign_in_Page_OR/Page_Amazon Sign-In/inputcontinue")): Object: 'Object Repository/Amazon_Sign_in_Page_OR/Page_Amazon Sign-In/inputcontinue' is clicked on

26-01-2024T20:53:37 - [MESSAGE][PASSED] - Object: 'Object Repository/Amazon_Sign_in_Page_OR/Page_Amazon Sign-In/inputcontinue' is clicked on

26-01-2024T20:53:37 - [TEST_STEP][PASSED] - setEncryptedText(findTestObject("Object Repository/Amazon_Sign_in_Page_OR/Page_Amazon Sign-In/input_password"), "ekVqcL3GsCB2rhXwrdHNaQ=="): Text ****** has been set on object 'Object Repository/Amazon_Sign_in_Page_OR/Page_Amazon Sign-In/input_password'

26-01-2024T20:53:38 - [MESSAGE][PASSED] - Text ****** has been set on object 'Object Repository/Amazon_Sign_in_Page_OR/Page_Amazon Sign-In/input_password'

26-01-2024T20:53:38 - [TEST_STEP][PASSED] - click(findTestObject("Object Repository/Amazon_Sign_in_Page_OR/Page_Amazon Sign-In/inputsignInSubmit")): Object: 'Object Repository/Amazon_Sign_in_Page_OR/Page_Amazon Sign-In/inputsignInSubmit' is clicked on

26-01-2024T20:53:38 - [MESSAGE][PASSED] - Object: 'Object Repository/Amazon_Sign_in_Page_OR/Page_Amazon Sign-In/inputsignInSubmit' is clicked on

26-01-2024T20:53:38 - [TEST_STEP][PASSED] - closeBrowser(): Browser is closed

26-01-2024T20:53:39 - [MESSAGE][PASSED] - Browser is closed]]></system-out>
         <system-err><![CDATA[]]></system-err>
      </testcase>
      <system-out><![CDATA[26-01-2024T20:52:19 - [TEST_SUITE][PASSED] - Amazon_Recording_Scenarios_001: Test Cases/Amazon/TC_Amazon_Sign_In_002]]></system-out>
      <system-err><![CDATA[]]></system-err>
   </testsuite>
</testsuites>
