<?xml version="1.0" encoding="UTF-8"?>
<testsuites name="Amazon_Test_Suite_Excel" time="79.74" tests="4" failures="0" errors="0">
   <testsuite name="Amazon_Test_Suite_Excel" tests="4" failures="0" errors="0" time="79.74" skipped="0" timestamp="26-01-2024T23:03:03" hostname="puliv - 192.168.1.44" id="Test Suites/Amazon_Test_Suite_DDT/Amazon_Test_Suite_Excel">
      <properties>
         <property name="deviceName" value=""/>
         <property name="devicePlatform" value=""/>
         <property name="logFolder" value="C:\\Workspace\\AMAZON_Automation-Testing-using-Katalon\\Reports\\20240126_230300\\Amazon_Test_Suite_DDT\\Amazon_Test_Suite_Excel\\20240126_230300"/>
         <property name="logFiles" value="C:\\Workspace\\AMAZON_Automation-Testing-using-Katalon\\Reports\\20240126_230300\\Amazon_Test_Suite_DDT\\Amazon_Test_Suite_Excel\\20240126_230300\\execution0.log"/>
         <property name="attachments" value=""/>
         <property name="hostName" value="puliv - 192.168.1.44"/>
         <property name="os" value="Windows 11 64bit"/>
         <property name="katalonVersion" value="9.1.0.212"/>
         <property name="browser" value="Chrome 120.0.0.0"/>
         <property name="hostAddress" value="192.168.1.44"/>
         <property name="sessionId" value="e60d27da8ee78709ea38aba4cb5ac296"/>
         <property name="seleniumVersion" value="3.141.59"/>
         <property name="proxyInformation" value="ProxyInformation { proxyOption=NO_PROXY, proxyServerType=HTTP, username=, password=********, proxyServerAddress=, proxyServerPort=0, executionList=&quot;&quot;, isApplyToDesiredCapabilities=true }"/>
         <property name="platform" value="Windows 11"/>
      </properties>
      <testcase name="Test Cases/Data_Driven_Testing/TC_Amazon_Excel_001" time="20.303" classname="Test Cases/Data_Driven_Testing/TC_Amazon_Excel_001" status="PASSED">
         <system-out><![CDATA[26-01-2024T23:03:03 - [TEST_CASE][PASSED] - Test Cases/Data_Driven_Testing/TC_Amazon_Excel_001: Test Cases/Data_Driven_Testing/TC_Amazon_Excel_001

26-01-2024T23:03:04 - [TEST_STEP][PASSED] - openBrowser(""): Browser is opened with url: ''

26-01-2024T23:03:04 - [MESSAGE][INFO] - Starting 'Chrome' driver

26-01-2024T23:03:04 - [MESSAGE][INFO] - Action delay is set to 0 milliseconds

26-01-2024T23:03:05 - [MESSAGE][PASSED] - Browser is opened with url: ''

26-01-2024T23:03:05 - [TEST_STEP][PASSED] - navigateToUrl("https://www.amazon.com/"): Navigate to 'https://www.amazon.com/' successfully

26-01-2024T23:03:07 - [MESSAGE][PASSED] - Navigate to 'https://www.amazon.com/' successfully

26-01-2024T23:03:07 - [TEST_STEP][PASSED] - maximizeWindow(): Current window maximized

26-01-2024T23:03:07 - [MESSAGE][PASSED] - Current window maximized

26-01-2024T23:03:07 - [TEST_STEP][PASSED] - selectOptionByLabel(findTestObject("Object Repository/Amazon_Search_Item_OR/Page_Amazon.com. Spend less. Smile more/select_All Departments        Arts  Crafts _135c92"), Category_Item, true): All options with label 'Books' are selected in object 'Object Repository/Amazon_Search_Item_OR/Page_Amazon.com. Spend less. Smile more/select_All Departments        Arts  Crafts _135c92'  using regular expression

26-01-2024T23:03:16 - [MESSAGE][PASSED] - All options with label 'Books' are selected in object 'Object Repository/Amazon_Search_Item_OR/Page_Amazon.com. Spend less. Smile more/select_All Departments        Arts  Crafts _135c92'  using regular expression

26-01-2024T23:03:16 - [TEST_STEP][PASSED] - setText(findTestObject("Object Repository/Amazon_Search_Item_OR/Page_Amazon.com. Spend less. Smile more/input_field-keywords"), Product): Text 'Death Note' is set on object 'Object Repository/Amazon_Search_Item_OR/Page_Amazon.com. Spend less. Smile more/input_field-keywords'

26-01-2024T23:03:17 - [MESSAGE][PASSED] - Text 'Death Note' is set on object 'Object Repository/Amazon_Search_Item_OR/Page_Amazon.com. Spend less. Smile more/input_field-keywords'

26-01-2024T23:03:17 - [TEST_STEP][PASSED] - click(findTestObject("Object Repository/Amazon_Search_Item_OR/Page_Amazon.com. Spend less. Smile more/inputnav-search-submit-button")): Object: 'Object Repository/Amazon_Search_Item_OR/Page_Amazon.com. Spend less. Smile more/inputnav-search-submit-button' is clicked on

26-01-2024T23:03:23 - [MESSAGE][PASSED] - Object: 'Object Repository/Amazon_Search_Item_OR/Page_Amazon.com. Spend less. Smile more/inputnav-search-submit-button' is clicked on

26-01-2024T23:03:23 - [TEST_STEP][PASSED] - closeBrowser(): Browser is closed

26-01-2024T23:03:24 - [MESSAGE][PASSED] - Browser is closed]]></system-out>
         <system-err><![CDATA[]]></system-err>
      </testcase>
      <testcase name="Test Cases/Data_Driven_Testing/TC_Amazon_Excel_001" time="21.359" classname="Test Cases/Data_Driven_Testing/TC_Amazon_Excel_001" status="PASSED">
         <system-out><![CDATA[26-01-2024T23:03:24 - [TEST_CASE][PASSED] - Test Cases/Data_Driven_Testing/TC_Amazon_Excel_001: Test Cases/Data_Driven_Testing/TC_Amazon_Excel_001

26-01-2024T23:03:24 - [TEST_STEP][PASSED] - openBrowser(""): Browser is opened with url: ''

26-01-2024T23:03:24 - [MESSAGE][INFO] - Starting 'Chrome' driver

26-01-2024T23:03:24 - [MESSAGE][INFO] - Action delay is set to 0 milliseconds

26-01-2024T23:03:24 - [MESSAGE][PASSED] - Browser is opened with url: ''

26-01-2024T23:03:24 - [TEST_STEP][PASSED] - navigateToUrl("https://www.amazon.com/"): Navigate to 'https://www.amazon.com/' successfully

26-01-2024T23:03:26 - [MESSAGE][PASSED] - Navigate to 'https://www.amazon.com/' successfully

26-01-2024T23:03:26 - [TEST_STEP][PASSED] - maximizeWindow(): Current window maximized

26-01-2024T23:03:26 - [MESSAGE][PASSED] - Current window maximized

26-01-2024T23:03:26 - [TEST_STEP][PASSED] - selectOptionByLabel(findTestObject("Object Repository/Amazon_Search_Item_OR/Page_Amazon.com. Spend less. Smile more/select_All Departments        Arts  Crafts _135c92"), Category_Item, true): All options with label 'Electronics' are selected in object 'Object Repository/Amazon_Search_Item_OR/Page_Amazon.com. Spend less. Smile more/select_All Departments        Arts  Crafts _135c92'  using regular expression

26-01-2024T23:03:39 - [MESSAGE][PASSED] - All options with label 'Electronics' are selected in object 'Object Repository/Amazon_Search_Item_OR/Page_Amazon.com. Spend less. Smile more/select_All Departments        Arts  Crafts _135c92'  using regular expression

26-01-2024T23:03:39 - [TEST_STEP][PASSED] - setText(findTestObject("Object Repository/Amazon_Search_Item_OR/Page_Amazon.com. Spend less. Smile more/input_field-keywords"), Product): Text 'Smart Watches' is set on object 'Object Repository/Amazon_Search_Item_OR/Page_Amazon.com. Spend less. Smile more/input_field-keywords'

26-01-2024T23:03:40 - [MESSAGE][PASSED] - Text 'Smart Watches' is set on object 'Object Repository/Amazon_Search_Item_OR/Page_Amazon.com. Spend less. Smile more/input_field-keywords'

26-01-2024T23:03:40 - [TEST_STEP][PASSED] - click(findTestObject("Object Repository/Amazon_Search_Item_OR/Page_Amazon.com. Spend less. Smile more/inputnav-search-submit-button")): Object: 'Object Repository/Amazon_Search_Item_OR/Page_Amazon.com. Spend less. Smile more/inputnav-search-submit-button' is clicked on

26-01-2024T23:03:45 - [MESSAGE][PASSED] - Object: 'Object Repository/Amazon_Search_Item_OR/Page_Amazon.com. Spend less. Smile more/inputnav-search-submit-button' is clicked on

26-01-2024T23:03:45 - [TEST_STEP][PASSED] - closeBrowser(): Browser is closed

26-01-2024T23:03:45 - [MESSAGE][PASSED] - Browser is closed]]></system-out>
         <system-err><![CDATA[]]></system-err>
      </testcase>
      <testcase name="Test Cases/Data_Driven_Testing/TC_Amazon_Excel_001" time="20.041" classname="Test Cases/Data_Driven_Testing/TC_Amazon_Excel_001" status="PASSED">
         <system-out><![CDATA[26-01-2024T23:03:45 - [TEST_CASE][PASSED] - Test Cases/Data_Driven_Testing/TC_Amazon_Excel_001: Test Cases/Data_Driven_Testing/TC_Amazon_Excel_001

26-01-2024T23:03:45 - [TEST_STEP][PASSED] - openBrowser(""): Browser is opened with url: ''

26-01-2024T23:03:45 - [MESSAGE][INFO] - Starting 'Chrome' driver

26-01-2024T23:03:45 - [MESSAGE][INFO] - Action delay is set to 0 milliseconds

26-01-2024T23:03:46 - [MESSAGE][PASSED] - Browser is opened with url: ''

26-01-2024T23:03:46 - [TEST_STEP][PASSED] - navigateToUrl("https://www.amazon.com/"): Navigate to 'https://www.amazon.com/' successfully

26-01-2024T23:03:48 - [MESSAGE][PASSED] - Navigate to 'https://www.amazon.com/' successfully

26-01-2024T23:03:48 - [TEST_STEP][PASSED] - maximizeWindow(): Current window maximized

26-01-2024T23:03:48 - [MESSAGE][PASSED] - Current window maximized

26-01-2024T23:03:48 - [TEST_STEP][PASSED] - selectOptionByLabel(findTestObject("Object Repository/Amazon_Search_Item_OR/Page_Amazon.com. Spend less. Smile more/select_All Departments        Arts  Crafts _135c92"), Category_Item, true): All options with label 'Baby' are selected in object 'Object Repository/Amazon_Search_Item_OR/Page_Amazon.com. Spend less. Smile more/select_All Departments        Arts  Crafts _135c92'  using regular expression

26-01-2024T23:03:58 - [MESSAGE][PASSED] - All options with label 'Baby' are selected in object 'Object Repository/Amazon_Search_Item_OR/Page_Amazon.com. Spend less. Smile more/select_All Departments        Arts  Crafts _135c92'  using regular expression

26-01-2024T23:03:58 - [TEST_STEP][PASSED] - setText(findTestObject("Object Repository/Amazon_Search_Item_OR/Page_Amazon.com. Spend less. Smile more/input_field-keywords"), Product): Text 'Stroller' is set on object 'Object Repository/Amazon_Search_Item_OR/Page_Amazon.com. Spend less. Smile more/input_field-keywords'

26-01-2024T23:04:00 - [MESSAGE][PASSED] - Text 'Stroller' is set on object 'Object Repository/Amazon_Search_Item_OR/Page_Amazon.com. Spend less. Smile more/input_field-keywords'

26-01-2024T23:04:00 - [TEST_STEP][PASSED] - click(findTestObject("Object Repository/Amazon_Search_Item_OR/Page_Amazon.com. Spend less. Smile more/inputnav-search-submit-button")): Object: 'Object Repository/Amazon_Search_Item_OR/Page_Amazon.com. Spend less. Smile more/inputnav-search-submit-button' is clicked on

26-01-2024T23:04:05 - [MESSAGE][PASSED] - Object: 'Object Repository/Amazon_Search_Item_OR/Page_Amazon.com. Spend less. Smile more/inputnav-search-submit-button' is clicked on

26-01-2024T23:04:05 - [TEST_STEP][PASSED] - closeBrowser(): Browser is closed

26-01-2024T23:04:05 - [MESSAGE][PASSED] - Browser is closed]]></system-out>
         <system-err><![CDATA[]]></system-err>
      </testcase>
      <testcase name="Test Cases/Data_Driven_Testing/TC_Amazon_Excel_001" time="17.753" classname="Test Cases/Data_Driven_Testing/TC_Amazon_Excel_001" status="PASSED">
         <system-out><![CDATA[26-01-2024T23:04:05 - [TEST_CASE][PASSED] - Test Cases/Data_Driven_Testing/TC_Amazon_Excel_001: Test Cases/Data_Driven_Testing/TC_Amazon_Excel_001

26-01-2024T23:04:05 - [TEST_STEP][PASSED] - openBrowser(""): Browser is opened with url: ''

26-01-2024T23:04:05 - [MESSAGE][INFO] - Starting 'Chrome' driver

26-01-2024T23:04:05 - [MESSAGE][INFO] - Action delay is set to 0 milliseconds

26-01-2024T23:04:06 - [MESSAGE][PASSED] - Browser is opened with url: ''

26-01-2024T23:04:06 - [TEST_STEP][PASSED] - navigateToUrl("https://www.amazon.com/"): Navigate to 'https://www.amazon.com/' successfully

26-01-2024T23:04:08 - [MESSAGE][PASSED] - Navigate to 'https://www.amazon.com/' successfully

26-01-2024T23:04:08 - [TEST_STEP][PASSED] - maximizeWindow(): Current window maximized

26-01-2024T23:04:08 - [MESSAGE][PASSED] - Current window maximized

26-01-2024T23:04:08 - [TEST_STEP][PASSED] - selectOptionByLabel(findTestObject("Object Repository/Amazon_Search_Item_OR/Page_Amazon.com. Spend less. Smile more/select_All Departments        Arts  Crafts _135c92"), Category_Item, true): All options with label 'Beauty & Personal Care' are selected in object 'Object Repository/Amazon_Search_Item_OR/Page_Amazon.com. Spend less. Smile more/select_All Departments        Arts  Crafts _135c92'  using regular expression

26-01-2024T23:04:18 - [MESSAGE][PASSED] - All options with label 'Beauty & Personal Care' are selected in object 'Object Repository/Amazon_Search_Item_OR/Page_Amazon.com. Spend less. Smile more/select_All Departments        Arts  Crafts _135c92'  using regular expression

26-01-2024T23:04:18 - [TEST_STEP][PASSED] - setText(findTestObject("Object Repository/Amazon_Search_Item_OR/Page_Amazon.com. Spend less. Smile more/input_field-keywords"), Product): Text 'Lotions' is set on object 'Object Repository/Amazon_Search_Item_OR/Page_Amazon.com. Spend less. Smile more/input_field-keywords'

26-01-2024T23:04:19 - [MESSAGE][PASSED] - Text 'Lotions' is set on object 'Object Repository/Amazon_Search_Item_OR/Page_Amazon.com. Spend less. Smile more/input_field-keywords'

26-01-2024T23:04:19 - [TEST_STEP][PASSED] - click(findTestObject("Object Repository/Amazon_Search_Item_OR/Page_Amazon.com. Spend less. Smile more/inputnav-search-submit-button")): Object: 'Object Repository/Amazon_Search_Item_OR/Page_Amazon.com. Spend less. Smile more/inputnav-search-submit-button' is clicked on

26-01-2024T23:04:23 - [MESSAGE][PASSED] - Object: 'Object Repository/Amazon_Search_Item_OR/Page_Amazon.com. Spend less. Smile more/inputnav-search-submit-button' is clicked on

26-01-2024T23:04:23 - [TEST_STEP][PASSED] - closeBrowser(): Browser is closed

26-01-2024T23:04:23 - [MESSAGE][PASSED] - Browser is closed]]></system-out>
         <system-err><![CDATA[]]></system-err>
      </testcase>
      <system-out><![CDATA[26-01-2024T23:03:03 - [TEST_SUITE][PASSED] - Amazon_Test_Suite_Excel: Test Cases/Data_Driven_Testing/TC_Amazon_Excel_001]]></system-out>
      <system-err><![CDATA[]]></system-err>
   </testsuite>
</testsuites>
