<?xml version="1.0" encoding="UTF-8"?>
<testsuites name="Amazon_Test_Suite_testButtons_001" time="50.608" tests="2" failures="0" errors="0">
   <testsuite name="Amazon_Test_Suite_testButtons_001" tests="2" failures="0" errors="0" time="50.608" skipped="0" timestamp="27-01-2024T00:16:59" hostname="puliv - 192.168.1.44" id="Test Suites/Amazon_Test_Suite_Buttons/Amazon_Test_Suite_testButtons_001">
      <properties>
         <property name="deviceName" value=""/>
         <property name="devicePlatform" value=""/>
         <property name="logFolder" value="C:\\Workspace\\AMAZON_Automation-Testing-using-Katalon\\Reports\\20240127_001654\\Amazon_Test_Suite_Buttons\\Amazon_Test_Suite_testButtons_001\\20240127_001655"/>
         <property name="logFiles" value="C:\\Workspace\\AMAZON_Automation-Testing-using-Katalon\\Reports\\20240127_001654\\Amazon_Test_Suite_Buttons\\Amazon_Test_Suite_testButtons_001\\20240127_001655\\execution0.log"/>
         <property name="attachments" value=""/>
         <property name="hostName" value="puliv - 192.168.1.44"/>
         <property name="os" value="Windows 11 64bit"/>
         <property name="katalonVersion" value="9.1.0.212"/>
         <property name="browser" value="Chrome 120.0.0.0"/>
         <property name="hostAddress" value="192.168.1.44"/>
         <property name="sessionId" value="4c6fe1bb20e6e601ac7409f303f8d2f7"/>
         <property name="seleniumVersion" value="3.141.59"/>
         <property name="proxyInformation" value="ProxyInformation { proxyOption=NO_PROXY, proxyServerType=HTTP, username=, password=********, proxyServerAddress=, proxyServerPort=0, executionList=&quot;&quot;, isApplyToDesiredCapabilities=true }"/>
         <property name="platform" value="Windows 11"/>
      </properties>
      <testcase name="Test Cases/Amazon_Handling_Buttons/Amazon_CheckBox_Button_001" time="26.266" classname="Test Cases/Amazon_Handling_Buttons/Amazon_CheckBox_Button_001" status="PASSED">
         <system-out><![CDATA[27-01-2024T00:16:59 - [TEST_CASE][PASSED] - Test Cases/Amazon_Handling_Buttons/Amazon_CheckBox_Button_001: Test Cases/Amazon_Handling_Buttons/Amazon_CheckBox_Button_001

27-01-2024T00:16:59 - [TEST_STEP][PASSED] - openBrowser(""): Browser is opened with url: ''

27-01-2024T00:16:59 - [MESSAGE][INFO] - Starting 'Chrome' driver

27-01-2024T00:17:00 - [MESSAGE][INFO] - Action delay is set to 0 milliseconds

27-01-2024T00:17:01 - [MESSAGE][PASSED] - Browser is opened with url: ''

27-01-2024T00:17:01 - [TEST_STEP][PASSED] - navigateToUrl("https://www.amazon.com/"): Navigate to 'https://www.amazon.com/' successfully

27-01-2024T00:17:02 - [MESSAGE][PASSED] - Navigate to 'https://www.amazon.com/' successfully

27-01-2024T00:17:02 - [TEST_STEP][PASSED] - maximizeWindow(): Current window maximized

27-01-2024T00:17:02 - [MESSAGE][PASSED] - Current window maximized

27-01-2024T00:17:02 - [TEST_STEP][PASSED] - selectOptionByIndex(findTestObject("Object Repository/Amazon_CheckBox_Buttons_OR/Page_Amazon.com. Spend less. Smile more/select_All Departments        Arts  Crafts _135c92"), 5, STOP_ON_FAILURE): All options with index in [5] are selected on object 'Object Repository/Amazon_CheckBox_Buttons_OR/Page_Amazon.com. Spend less. Smile more/select_All Departments        Arts  Crafts _135c92'

27-01-2024T00:17:13 - [MESSAGE][PASSED] - All options with index in [5] are selected on object 'Object Repository/Amazon_CheckBox_Buttons_OR/Page_Amazon.com. Spend less. Smile more/select_All Departments        Arts  Crafts _135c92'

27-01-2024T00:17:13 - [TEST_STEP][PASSED] - setText(findTestObject("Object Repository/Amazon_CheckBox_Buttons_OR/Page_Amazon.com. Spend less. Smile more/input_field-keywords"), "Death Note"): Text 'Death Note' is set on object 'Object Repository/Amazon_CheckBox_Buttons_OR/Page_Amazon.com. Spend less. Smile more/input_field-keywords'

27-01-2024T00:17:14 - [MESSAGE][PASSED] - Text 'Death Note' is set on object 'Object Repository/Amazon_CheckBox_Buttons_OR/Page_Amazon.com. Spend less. Smile more/input_field-keywords'

27-01-2024T00:17:14 - [TEST_STEP][PASSED] - click(findTestObject("Amazon_CheckBox_Buttons_OR/Page_Amazon.com. Spend less. Smile more/input_Search Amazon_nav-search-submit-button")): Object: 'Object Repository/Amazon_CheckBox_Buttons_OR/Page_Amazon.com. Spend less. Smile more/input_Search Amazon_nav-search-submit-button' is clicked on

27-01-2024T00:17:20 - [MESSAGE][PASSED] - Object: 'Object Repository/Amazon_CheckBox_Buttons_OR/Page_Amazon.com. Spend less. Smile more/input_Search Amazon_nav-search-submit-button' is clicked on

27-01-2024T00:17:20 - [TEST_STEP][PASSED] - click(findTestObject("Object Repository/Amazon_CheckBox_Buttons_OR/Page_Amazon.com  Death Note/i_a-icon a-icon-checkbox")): Object: 'Object Repository/Amazon_CheckBox_Buttons_OR/Page_Amazon.com  Death Note/i_a-icon a-icon-checkbox' is clicked on

27-01-2024T00:17:24 - [MESSAGE][PASSED] - Object: 'Object Repository/Amazon_CheckBox_Buttons_OR/Page_Amazon.com  Death Note/i_a-icon a-icon-checkbox' is clicked on

27-01-2024T00:17:24 - [TEST_STEP][PASSED] - click(findTestObject("Object Repository/Amazon_CheckBox_Buttons_OR/Page_Amazon.com  Death Note/i_a-icon a-icon-checkbox_1")): Object: 'Object Repository/Amazon_CheckBox_Buttons_OR/Page_Amazon.com  Death Note/i_a-icon a-icon-checkbox_1' is clicked on

27-01-2024T00:17:25 - [MESSAGE][PASSED] - Object: 'Object Repository/Amazon_CheckBox_Buttons_OR/Page_Amazon.com  Death Note/i_a-icon a-icon-checkbox_1' is clicked on

27-01-2024T00:17:25 - [TEST_STEP][PASSED] - closeBrowser(): Browser is closed

27-01-2024T00:17:25 - [MESSAGE][PASSED] - Browser is closed]]></system-out>
         <system-err><![CDATA[]]></system-err>
      </testcase>
      <testcase name="Test Cases/Amazon_Handling_Buttons/Amazon_DropDown_Button_002" time="24.166" classname="Test Cases/Amazon_Handling_Buttons/Amazon_DropDown_Button_002" status="PASSED">
         <system-out><![CDATA[27-01-2024T00:17:25 - [TEST_CASE][PASSED] - Test Cases/Amazon_Handling_Buttons/Amazon_DropDown_Button_002: Test Cases/Amazon_Handling_Buttons/Amazon_DropDown_Button_002

27-01-2024T00:17:25 - [TEST_STEP][PASSED] - openBrowser(""): Browser is opened with url: ''

27-01-2024T00:17:25 - [MESSAGE][INFO] - Starting 'Chrome' driver

27-01-2024T00:17:25 - [MESSAGE][INFO] - Action delay is set to 0 milliseconds

27-01-2024T00:17:26 - [MESSAGE][PASSED] - Browser is opened with url: ''

27-01-2024T00:17:26 - [TEST_STEP][PASSED] - navigateToUrl("https://www.amazon.com/"): Navigate to 'https://www.amazon.com/' successfully

27-01-2024T00:17:28 - [MESSAGE][PASSED] - Navigate to 'https://www.amazon.com/' successfully

27-01-2024T00:17:28 - [TEST_STEP][PASSED] - maximizeWindow(): Current window maximized

27-01-2024T00:17:28 - [MESSAGE][PASSED] - Current window maximized

27-01-2024T00:17:28 - [TEST_STEP][PASSED] - selectOptionByIndex(findTestObject("Object Repository/Amazon_Search_Item_OR/Page_Amazon.com. Spend less. Smile more/select_All Departments        Arts  Crafts _135c92"), 5, STOP_ON_FAILURE): All options with index in [5] are selected on object 'Object Repository/Amazon_Search_Item_OR/Page_Amazon.com. Spend less. Smile more/select_All Departments        Arts  Crafts _135c92'

27-01-2024T00:17:43 - [MESSAGE][PASSED] - All options with index in [5] are selected on object 'Object Repository/Amazon_Search_Item_OR/Page_Amazon.com. Spend less. Smile more/select_All Departments        Arts  Crafts _135c92'

27-01-2024T00:17:43 - [TEST_STEP][PASSED] - setText(findTestObject("Object Repository/Amazon_Search_Item_OR/Page_Amazon.com. Spend less. Smile more/input_field-keywords"), "Death Note"): Text 'Death Note' is set on object 'Object Repository/Amazon_Search_Item_OR/Page_Amazon.com. Spend less. Smile more/input_field-keywords'

27-01-2024T00:17:44 - [MESSAGE][PASSED] - Text 'Death Note' is set on object 'Object Repository/Amazon_Search_Item_OR/Page_Amazon.com. Spend less. Smile more/input_field-keywords'

27-01-2024T00:17:44 - [TEST_STEP][PASSED] - click(findTestObject("Object Repository/Amazon_Search_Item_OR/Page_Amazon.com. Spend less. Smile more/inputnav-search-submit-button")): Object: 'Object Repository/Amazon_Search_Item_OR/Page_Amazon.com. Spend less. Smile more/inputnav-search-submit-button' is clicked on

27-01-2024T00:17:49 - [MESSAGE][PASSED] - Object: 'Object Repository/Amazon_Search_Item_OR/Page_Amazon.com. Spend less. Smile more/inputnav-search-submit-button' is clicked on

27-01-2024T00:17:49 - [TEST_STEP][PASSED] - closeBrowser(): Browser is closed

27-01-2024T00:17:49 - [MESSAGE][PASSED] - Browser is closed]]></system-out>
         <system-err><![CDATA[]]></system-err>
      </testcase>
      <system-out><![CDATA[27-01-2024T00:16:59 - [TEST_SUITE][PASSED] - Amazon_Test_Suite_testButtons_001: Test Cases/Amazon_Handling_Buttons/Amazon_DropDown_Button_002]]></system-out>
      <system-err><![CDATA[]]></system-err>
   </testsuite>
</testsuites>
