<?xml version="1.0" encoding="UTF-8"?>
<testsuites name="Test_Suite_Local_and_Global Variables_001" time="48.661" tests="2" failures="0" errors="0">
   <testsuite name="Test_Suite_Local_and_Global Variables_001" tests="2" failures="0" errors="0" time="48.661" skipped="0" timestamp="27-01-2024T11:16:26" hostname="puliv - 192.168.1.44" id="Test Suites/Amazon_Test_Suite_Local and Global Variables/Test_Suite_Local_and_Global Variables_001">
      <properties>
         <property name="deviceName" value=""/>
         <property name="devicePlatform" value=""/>
         <property name="logFolder" value="C:\\Workspace\\AMAZON_Automation-Testing-using-Katalon\\Reports\\20240127_111620\\Amazon_Test_Suite_Local and Global Variables\\Test_Suite_Local_and_Global Variables_001\\20240127_111620"/>
         <property name="logFiles" value="C:\\Workspace\\AMAZON_Automation-Testing-using-Katalon\\Reports\\20240127_111620\\Amazon_Test_Suite_Local and Global Variables\\Test_Suite_Local_and_Global Variables_001\\20240127_111620\\execution0.log"/>
         <property name="attachments" value=""/>
         <property name="hostName" value="puliv - 192.168.1.44"/>
         <property name="os" value="Windows 11 64bit"/>
         <property name="katalonVersion" value="9.1.0.212"/>
         <property name="browser" value="Chrome 120.0.0.0"/>
         <property name="hostAddress" value="192.168.1.44"/>
         <property name="sessionId" value="2f0a8e6760145241af571e9ee2829b4f"/>
         <property name="seleniumVersion" value="3.141.59"/>
         <property name="proxyInformation" value="ProxyInformation { proxyOption=NO_PROXY, proxyServerType=HTTP, username=, password=********, proxyServerAddress=, proxyServerPort=0, executionList=&quot;&quot;, isApplyToDesiredCapabilities=true }"/>
         <property name="platform" value="Windows 11"/>
      </properties>
      <testcase name="Test Cases/Local and Global Variables/TC_Amazon_Global_Variable" time="27.044" classname="Test Cases/Local and Global Variables/TC_Amazon_Global_Variable" status="PASSED">
         <system-out><![CDATA[27-01-2024T11:16:26 - [TEST_CASE][PASSED] - Test Cases/Local and Global Variables/TC_Amazon_Global_Variable: Test Cases/Local and Global Variables/TC_Amazon_Global_Variable

27-01-2024T11:16:27 - [TEST_STEP][PASSED] - openBrowser(""): Browser is opened with url: ''

27-01-2024T11:16:27 - [MESSAGE][INFO] - Starting 'Chrome' driver

27-01-2024T11:16:27 - [MESSAGE][INFO] - Action delay is set to 0 milliseconds

27-01-2024T11:16:29 - [MESSAGE][PASSED] - Browser is opened with url: ''

27-01-2024T11:16:29 - [TEST_STEP][PASSED] - navigateToUrl("https://www.amazon.com/"): Navigate to 'https://www.amazon.com/' successfully

27-01-2024T11:16:31 - [MESSAGE][PASSED] - Navigate to 'https://www.amazon.com/' successfully

27-01-2024T11:16:31 - [TEST_STEP][PASSED] - maximizeWindow(): Current window maximized

27-01-2024T11:16:31 - [MESSAGE][PASSED] - Current window maximized

27-01-2024T11:16:31 - [TEST_STEP][PASSED] - click(findTestObject("Amazon_Registration_Page_OR/Page_Amazon.com. Spend less. Smile more/span_Hello, sign in")): Object: 'Object Repository/Amazon_Registration_Page_OR/Page_Amazon.com. Spend less. Smile more/span_Hello, sign in' is clicked on

27-01-2024T11:16:45 - [MESSAGE][PASSED] - Object: 'Object Repository/Amazon_Registration_Page_OR/Page_Amazon.com. Spend less. Smile more/span_Hello, sign in' is clicked on

27-01-2024T11:16:45 - [TEST_STEP][PASSED] - click(findTestObject("Amazon_Registration_Page_OR/Page_Amazon Sign-In/a_Create your Amazon account")): Object: 'Object Repository/Amazon_Registration_Page_OR/Page_Amazon Sign-In/a_Create your Amazon account' is clicked on

27-01-2024T11:16:47 - [MESSAGE][PASSED] - Object: 'Object Repository/Amazon_Registration_Page_OR/Page_Amazon Sign-In/a_Create your Amazon account' is clicked on

27-01-2024T11:16:47 - [TEST_STEP][PASSED] - setText(findTestObject("Object Repository/Amazon_Registration_Page_OR/Page_Amazon Registration/input_customerName"), Name): Text 'Robert Antony' is set on object 'Object Repository/Amazon_Registration_Page_OR/Page_Amazon Registration/input_customerName'

27-01-2024T11:16:48 - [MESSAGE][PASSED] - Text 'Robert Antony' is set on object 'Object Repository/Amazon_Registration_Page_OR/Page_Amazon Registration/input_customerName'

27-01-2024T11:16:48 - [TEST_STEP][PASSED] - setText(findTestObject("Object Repository/Amazon_Registration_Page_OR/Page_Amazon Registration/input_email"), Email): Text 'robert.antony69@gmail.com' is set on object 'Object Repository/Amazon_Registration_Page_OR/Page_Amazon Registration/input_email'

27-01-2024T11:16:49 - [MESSAGE][PASSED] - Text 'robert.antony69@gmail.com' is set on object 'Object Repository/Amazon_Registration_Page_OR/Page_Amazon Registration/input_email'

27-01-2024T11:16:49 - [TEST_STEP][PASSED] - setText(findTestObject("Object Repository/Amazon_Registration_Page_OR/Page_Amazon Registration/input_password"), Password): Text 'very confidential' is set on object 'Object Repository/Amazon_Registration_Page_OR/Page_Amazon Registration/input_password'

27-01-2024T11:16:50 - [MESSAGE][PASSED] - Text 'very confidential' is set on object 'Object Repository/Amazon_Registration_Page_OR/Page_Amazon Registration/input_password'

27-01-2024T11:16:50 - [TEST_STEP][PASSED] - setText(findTestObject("Object Repository/Amazon_Registration_Page_OR/Page_Amazon Registration/input_passwordCheck"), Password): Text 'very confidential' is set on object 'Object Repository/Amazon_Registration_Page_OR/Page_Amazon Registration/input_passwordCheck'

27-01-2024T11:16:51 - [MESSAGE][PASSED] - Text 'very confidential' is set on object 'Object Repository/Amazon_Registration_Page_OR/Page_Amazon Registration/input_passwordCheck'

27-01-2024T11:16:51 - [TEST_STEP][PASSED] - click(findTestObject("Object Repository/Amazon_Registration_Page_OR/Page_Amazon Registration/inputcontinue")): Object: 'Object Repository/Amazon_Registration_Page_OR/Page_Amazon Registration/inputcontinue' is clicked on

27-01-2024T11:16:53 - [MESSAGE][PASSED] - Object: 'Object Repository/Amazon_Registration_Page_OR/Page_Amazon Registration/inputcontinue' is clicked on

27-01-2024T11:16:53 - [TEST_STEP][PASSED] - closeBrowser(): Browser is closed

27-01-2024T11:16:53 - [MESSAGE][PASSED] - Browser is closed]]></system-out>
         <system-err><![CDATA[]]></system-err>
      </testcase>
      <testcase name="Test Cases/Local and Global Variables/TC_Amazon_Local_Variable" time="21.349" classname="Test Cases/Local and Global Variables/TC_Amazon_Local_Variable" status="PASSED">
         <system-out><![CDATA[27-01-2024T11:16:53 - [TEST_CASE][PASSED] - Test Cases/Local and Global Variables/TC_Amazon_Local_Variable: Test Cases/Local and Global Variables/TC_Amazon_Local_Variable

27-01-2024T11:16:54 - [TEST_STEP][PASSED] - openBrowser(""): Browser is opened with url: ''

27-01-2024T11:16:54 - [MESSAGE][INFO] - Starting 'Chrome' driver

27-01-2024T11:16:54 - [MESSAGE][INFO] - Action delay is set to 0 milliseconds

27-01-2024T11:16:55 - [MESSAGE][PASSED] - Browser is opened with url: ''

27-01-2024T11:16:55 - [TEST_STEP][PASSED] - navigateToUrl("https://www.amazon.com/"): Navigate to 'https://www.amazon.com/' successfully

27-01-2024T11:16:57 - [MESSAGE][PASSED] - Navigate to 'https://www.amazon.com/' successfully

27-01-2024T11:16:57 - [TEST_STEP][PASSED] - maximizeWindow(): Current window maximized

27-01-2024T11:16:57 - [MESSAGE][PASSED] - Current window maximized

27-01-2024T11:16:57 - [TEST_STEP][PASSED] - click(findTestObject("Amazon_Registration_Page_OR/Page_Amazon.com. Spend less. Smile more/span_Hello, sign in")): Object: 'Object Repository/Amazon_Registration_Page_OR/Page_Amazon.com. Spend less. Smile more/span_Hello, sign in' is clicked on

27-01-2024T11:17:07 - [MESSAGE][PASSED] - Object: 'Object Repository/Amazon_Registration_Page_OR/Page_Amazon.com. Spend less. Smile more/span_Hello, sign in' is clicked on

27-01-2024T11:17:07 - [TEST_STEP][PASSED] - click(findTestObject("Amazon_Registration_Page_OR/Page_Amazon Sign-In/a_Create your Amazon account")): Object: 'Object Repository/Amazon_Registration_Page_OR/Page_Amazon Sign-In/a_Create your Amazon account' is clicked on

27-01-2024T11:17:09 - [MESSAGE][PASSED] - Object: 'Object Repository/Amazon_Registration_Page_OR/Page_Amazon Sign-In/a_Create your Amazon account' is clicked on

27-01-2024T11:17:09 - [TEST_STEP][PASSED] - setText(findTestObject("Object Repository/Amazon_Registration_Page_OR/Page_Amazon Registration/input_customerName"), Name): Text 'Varshith Puli' is set on object 'Object Repository/Amazon_Registration_Page_OR/Page_Amazon Registration/input_customerName'

27-01-2024T11:17:10 - [MESSAGE][PASSED] - Text 'Varshith Puli' is set on object 'Object Repository/Amazon_Registration_Page_OR/Page_Amazon Registration/input_customerName'

27-01-2024T11:17:10 - [TEST_STEP][PASSED] - setText(findTestObject("Object Repository/Amazon_Registration_Page_OR/Page_Amazon Registration/input_email"), Email): Text 'pulivarshit@gmail.com
' is set on object 'Object Repository/Amazon_Registration_Page_OR/Page_Amazon Registration/input_email'

27-01-2024T11:17:11 - [MESSAGE][PASSED] - Text 'pulivarshit@gmail.com
' is set on object 'Object Repository/Amazon_Registration_Page_OR/Page_Amazon Registration/input_email'

27-01-2024T11:17:11 - [TEST_STEP][PASSED] - setText(findTestObject("Object Repository/Amazon_Registration_Page_OR/Page_Amazon Registration/input_password"), Password): Text 'confidential' is set on object 'Object Repository/Amazon_Registration_Page_OR/Page_Amazon Registration/input_password'

27-01-2024T11:17:12 - [MESSAGE][PASSED] - Text 'confidential' is set on object 'Object Repository/Amazon_Registration_Page_OR/Page_Amazon Registration/input_password'

27-01-2024T11:17:12 - [TEST_STEP][PASSED] - setText(findTestObject("Object Repository/Amazon_Registration_Page_OR/Page_Amazon Registration/input_passwordCheck"), Password): Text 'confidential' is set on object 'Object Repository/Amazon_Registration_Page_OR/Page_Amazon Registration/input_passwordCheck'

27-01-2024T11:17:13 - [MESSAGE][PASSED] - Text 'confidential' is set on object 'Object Repository/Amazon_Registration_Page_OR/Page_Amazon Registration/input_passwordCheck'

27-01-2024T11:17:13 - [TEST_STEP][PASSED] - click(findTestObject("Object Repository/Amazon_Registration_Page_OR/Page_Amazon Registration/inputcontinue")): Object: 'Object Repository/Amazon_Registration_Page_OR/Page_Amazon Registration/inputcontinue' is clicked on

27-01-2024T11:17:14 - [MESSAGE][PASSED] - Object: 'Object Repository/Amazon_Registration_Page_OR/Page_Amazon Registration/inputcontinue' is clicked on

27-01-2024T11:17:14 - [TEST_STEP][PASSED] - closeBrowser(): Browser is closed

27-01-2024T11:17:15 - [MESSAGE][PASSED] - Browser is closed]]></system-out>
         <system-err><![CDATA[]]></system-err>
      </testcase>
      <system-out><![CDATA[27-01-2024T11:16:26 - [TEST_SUITE][PASSED] - Test_Suite_Local_and_Global Variables_001: Test Cases/Local and Global Variables/TC_Amazon_Local_Variable]]></system-out>
      <system-err><![CDATA[]]></system-err>
   </testsuite>
</testsuites>
